<?xml version="1.0" encoding="UTF-8"?>
<!-- Generated by org.testng.reporters.JUnitXMLReporter -->
<testsuite hostname="LAPTOP-1HRT3K5S" name="TestingwithTestNG" tests="2" failures="2" timestamp="25 Jan 2020 12:20:25 GMT" time="64.219" errors="0">
  <testcase name="loginOnUat" time="0.021" classname="testNGpackage.SmokeTests">
    <failure type="java.lang.NullPointerException">
      <![CDATA[java.lang.NullPointerException
	at testNGpackage.SmokeTests.loginOnUat(SmokeTests.java:62)
... Removed 25 stack frames]]>
    </failure>
  </testcase> <!-- loginOnUat -->
  <testcase name="verifyPageTitle" time="0.003" classname="testNGpackage.SmokeTests">
    <failure type="java.lang.NullPointerException">
      <![CDATA[java.lang.NullPointerException
	at testNGpackage.SmokeTests.verifyPageTitle(SmokeTests.java:55)
... Removed 25 stack frames]]>
    </failure>
  </testcase> <!-- verifyPageTitle -->
</testsuite> <!-- TestingwithTestNG -->
