<?xml version="1.0" encoding="UTF-8"?>
<!-- Generated by org.testng.reporters.JUnitXMLReporter -->
<testsuite hostname="LAPTOP-1HRT3K5S" name="TestingwithTestNG" tests="6" failures="1" timestamp="25 Jan 2020 20:20:35 GMT" time="39.882" errors="0">
  <testcase name="setUpBrowser" time="28.842" classname="testNGpackage.SmokeTests">
    <failure type="java.lang.AssertionError" message="expected [Loading...] but found [GPComply]">
      <![CDATA[java.lang.AssertionError: expected [Loading...] but found [GPComply]
	at testNGpackage.SmokeTests.setUpBrowser(SmokeTests.java:48)
... Removed 31 stack frames]]>
    </failure>
  </testcase> <!-- setUpBrowser -->
  <testcase name="loginOnUat" time="2.478" classname="testNGpackage.SmokeTests"/>
  <testcase name="verifyPageTitle" time="0.017" classname="testNGpackage.SmokeTests"/>
  <testcase name="logoOnClientList" time="7.684" classname="testNGpackage.SmokeTests"/>
  <testcase name="settingsMenuList" time="0.448" classname="testNGpackage.SmokeTests"/>
  <testcase name="searchingClient" time="0.0" classname="testNGpackage.SmokeTests">
    <skipped/>
  </testcase> <!-- searchingClient -->
</testsuite> <!-- TestingwithTestNG -->
