<?xml version="1.0" encoding="UTF-8"?>
<!-- Generated by org.testng.reporters.JUnitXMLReporter -->
<testsuite hostname="LAPTOP-1HRT3K5S" name="Default test" tests="5" failures="0" timestamp="25 Jan 2020 19:54:12 GMT" time="63.112" errors="0">
  <testcase name="setUpBrowser" time="30.099" classname="testNGpackage.SmokeTests"/>
  <testcase name="loginOnUat" time="1.322" classname="testNGpackage.SmokeTests"/>
  <testcase name="verifyPageTitle" time="0.055" classname="testNGpackage.SmokeTests"/>
  <testcase name="logoOnClientList" time="10.866" classname="testNGpackage.SmokeTests"/>
  <testcase name="settingsMenuList" time="20.394" classname="testNGpackage.SmokeTests"/>
</testsuite> <!-- Default test -->
