<?xml version="1.0" encoding="UTF-8"?>
<testng-results skipped="0" failed="1" ignored="0" total="5" passed="4">
  <reporter-output>
    <line>
      <![CDATA[Closed the Browser]]>
    </line>
  </reporter-output>
  <suite name="Suite" duration-ms="39834" started-at="2020-02-16T22:19:31 IST" finished-at="2020-02-16T22:20:11 IST">
    <groups>
    </groups>
    <test name="TestingwithTestNG" duration-ms="39834" started-at="2020-02-16T22:19:31 IST" finished-at="2020-02-16T22:20:11 IST">
      <class name="testNGpackage.SmokeTests">
        <test-method status="PASS" signature="setUpBrowser()[pri:0, instance:testNGpackage.SmokeTests@22a67b4]" name="setUpBrowser" is-config="true" duration-ms="15882" started-at="2020-02-16T22:19:15 IST" finished-at="2020-02-16T22:19:31 IST">
          <reporter-output>
          </reporter-output>
        </test-method> <!-- setUpBrowser -->
        <test-method status="PASS" signature="loginOnUat()[pri:0, instance:testNGpackage.SmokeTests@22a67b4]" name="loginOnUat" duration-ms="3881" started-at="2020-02-16T22:19:31 IST" description="This test will enter username,password and then click sign in" finished-at="2020-02-16T22:19:35 IST">
          <reporter-output>
          </reporter-output>
        </test-method> <!-- loginOnUat -->
        <test-method status="PASS" signature="verifyPageTitle()[pri:0, instance:testNGpackage.SmokeTests@22a67b4]" name="verifyPageTitle" duration-ms="14" started-at="2020-02-16T22:19:35 IST" description="Verify the page title after login" depends-on-methods="testNGpackage.SmokeTests.loginOnUat" finished-at="2020-02-16T22:19:35 IST">
          <reporter-output>
          </reporter-output>
        </test-method> <!-- verifyPageTitle -->
        <test-method status="FAIL" signature="logoOnClientList()[pri:2, instance:testNGpackage.SmokeTests@22a67b4]" name="logoOnClientList" duration-ms="20128" started-at="2020-02-16T22:19:35 IST" description="Verify the logo on client list page" depends-on-methods="testNGpackage.SmokeTests.loginOnUat" finished-at="2020-02-16T22:19:55 IST">
          <exception class="org.openqa.selenium.NoSuchElementException">
            <message>
              <![CDATA[no such element: Unable to locate element: {"method":"xpath","selector":"//img[@alt='homepage']"}
  (Session info: chrome=80.0.3987.106)
For documentation on this error, please visit: https://www.seleniumhq.org/exceptions/no_such_element.html
Build info: version: '3.141.59', revision: 'e82be7d358', time: '2018-11-14T08:17:03'
System info: host: 'LAPTOP-I5I325BH', ip: '192.168.0.11', os.name: 'Windows 10', os.arch: 'amd64', os.version: '10.0', java.version: '1.8.0_241'
Driver info: org.openqa.selenium.chrome.ChromeDriver
Capabilities {acceptInsecureCerts: false, browserName: chrome, browserVersion: 80.0.3987.106, chrome: {chromedriverVersion: 79.0.3945.36 (3582db32b3389..., userDataDir: C:\Users\NITINS~1\AppData\L...}, goog:chromeOptions: {debuggerAddress: localhost:50434}, javascriptEnabled: true, networkConnectionEnabled: false, pageLoadStrategy: normal, platform: WINDOWS, platformName: WINDOWS, proxy: Proxy(), setWindowRect: true, strictFileInteractability: false, timeouts: {implicit: 0, pageLoad: 300000, script: 30000}, unhandledPromptBehavior: dismiss and notify}
Session ID: 736ceb4f47e9af1a777be21f9ed8f801
*** Element info: {Using=xpath, value=//img[@alt='homepage']}]]>
            </message>
            <full-stacktrace>
              <![CDATA[org.openqa.selenium.NoSuchElementException: no such element: Unable to locate element: {"method":"xpath","selector":"//img[@alt='homepage']"}
  (Session info: chrome=80.0.3987.106)
For documentation on this error, please visit: https://www.seleniumhq.org/exceptions/no_such_element.html
Build info: version: '3.141.59', revision: 'e82be7d358', time: '2018-11-14T08:17:03'
System info: host: 'LAPTOP-I5I325BH', ip: '192.168.0.11', os.name: 'Windows 10', os.arch: 'amd64', os.version: '10.0', java.version: '1.8.0_241'
Driver info: org.openqa.selenium.chrome.ChromeDriver
Capabilities {acceptInsecureCerts: false, browserName: chrome, browserVersion: 80.0.3987.106, chrome: {chromedriverVersion: 79.0.3945.36 (3582db32b3389..., userDataDir: C:\Users\NITINS~1\AppData\L...}, goog:chromeOptions: {debuggerAddress: localhost:50434}, javascriptEnabled: true, networkConnectionEnabled: false, pageLoadStrategy: normal, platform: WINDOWS, platformName: WINDOWS, proxy: Proxy(), setWindowRect: true, strictFileInteractability: false, timeouts: {implicit: 0, pageLoad: 300000, script: 30000}, unhandledPromptBehavior: dismiss and notify}
Session ID: 736ceb4f47e9af1a777be21f9ed8f801
*** Element info: {Using=xpath, value=//img[@alt='homepage']}
at sun.reflect.NativeConstructorAccessorImpl.newInstance0(Native Method)
at sun.reflect.NativeConstructorAccessorImpl.newInstance(Unknown Source)
at sun.reflect.DelegatingConstructorAccessorImpl.newInstance(Unknown Source)
at java.lang.reflect.Constructor.newInstance(Unknown Source)
at org.openqa.selenium.remote.http.W3CHttpResponseCodec.createException(W3CHttpResponseCodec.java:187)
at org.openqa.selenium.remote.http.W3CHttpResponseCodec.decode(W3CHttpResponseCodec.java:122)
at org.openqa.selenium.remote.http.W3CHttpResponseCodec.decode(W3CHttpResponseCodec.java:49)
at org.openqa.selenium.remote.HttpCommandExecutor.execute(HttpCommandExecutor.java:158)
at org.openqa.selenium.remote.service.DriverCommandExecutor.execute(DriverCommandExecutor.java:83)
at org.openqa.selenium.remote.RemoteWebDriver.execute(RemoteWebDriver.java:552)
at org.openqa.selenium.remote.RemoteWebDriver.findElement(RemoteWebDriver.java:323)
at org.openqa.selenium.remote.RemoteWebDriver.findElementByXPath(RemoteWebDriver.java:428)
at org.openqa.selenium.By$ByXPath.findElement(By.java:353)
at org.openqa.selenium.remote.RemoteWebDriver.findElement(RemoteWebDriver.java:315)
at org.openqa.selenium.support.pagefactory.DefaultElementLocator.findElement(DefaultElementLocator.java:69)
at org.openqa.selenium.support.pagefactory.internal.LocatingElementHandler.invoke(LocatingElementHandler.java:38)
at com.sun.proxy.$Proxy9.getWrappedElement(Unknown Source)
at org.openqa.selenium.remote.internal.WebElementToJsonConverter.apply(WebElementToJsonConverter.java:50)
at java.util.stream.ReferencePipeline$3$1.accept(Unknown Source)
at java.util.Spliterators$ArraySpliterator.forEachRemaining(Unknown Source)
at java.util.stream.AbstractPipeline.copyInto(Unknown Source)
at java.util.stream.AbstractPipeline.wrapAndCopyInto(Unknown Source)
at java.util.stream.ReduceOps$ReduceOp.evaluateSequential(Unknown Source)
at java.util.stream.AbstractPipeline.evaluate(Unknown Source)
at java.util.stream.ReferencePipeline.collect(Unknown Source)
at org.openqa.selenium.remote.RemoteWebDriver.executeScript(RemoteWebDriver.java:484)
at pageObjects.clientListPage.checkLogoOnClientList(clientListPage.java:28)
at testNGpackage.SmokeTests.logoOnClientList(SmokeTests.java:92)
at sun.reflect.NativeMethodAccessorImpl.invoke0(Native Method)
at sun.reflect.NativeMethodAccessorImpl.invoke(Unknown Source)
at sun.reflect.DelegatingMethodAccessorImpl.invoke(Unknown Source)
at java.lang.reflect.Method.invoke(Unknown Source)
at org.testng.internal.MethodInvocationHelper.invokeMethod(MethodInvocationHelper.java:133)
at org.testng.internal.TestInvoker.invokeMethod(TestInvoker.java:584)
at org.testng.internal.TestInvoker.invokeTestMethod(TestInvoker.java:172)
at org.testng.internal.MethodRunner.runInSequence(MethodRunner.java:46)
at org.testng.internal.TestInvoker$MethodInvocationAgent.invoke(TestInvoker.java:804)
at org.testng.internal.TestInvoker.invokeTestMethods(TestInvoker.java:145)
at org.testng.internal.TestMethodWorker.invokeTestMethods(TestMethodWorker.java:146)
at org.testng.internal.TestMethodWorker.run(TestMethodWorker.java:128)
at java.util.ArrayList.forEach(Unknown Source)
at org.testng.TestRunner.privateRun(TestRunner.java:770)
at org.testng.TestRunner.run(TestRunner.java:591)
at org.testng.SuiteRunner.runTest(SuiteRunner.java:402)
at org.testng.SuiteRunner.runSequentially(SuiteRunner.java:396)
at org.testng.SuiteRunner.privateRun(SuiteRunner.java:355)
at org.testng.SuiteRunner.run(SuiteRunner.java:304)
at org.testng.SuiteRunnerWorker.runSuite(SuiteRunnerWorker.java:53)
at org.testng.SuiteRunnerWorker.run(SuiteRunnerWorker.java:96)
at org.testng.TestNG.runSuitesSequentially(TestNG.java:1180)
at org.testng.TestNG.runSuitesLocally(TestNG.java:1102)
at org.testng.TestNG.runSuites(TestNG.java:1032)
at org.testng.TestNG.run(TestNG.java:1000)
at org.testng.remote.AbstractRemoteTestNG.run(AbstractRemoteTestNG.java:115)
at org.testng.remote.RemoteTestNG.initAndRun(RemoteTestNG.java:251)
at org.testng.remote.RemoteTestNG.main(RemoteTestNG.java:77)
]]>
            </full-stacktrace>
          </exception> <!-- org.openqa.selenium.NoSuchElementException -->
          <reporter-output>
          </reporter-output>
        </test-method> <!-- logoOnClientList -->
        <test-method status="PASS" signature="settingsMenuList()[pri:3, instance:testNGpackage.SmokeTests@22a67b4]" name="settingsMenuList" duration-ms="15276" started-at="2020-02-16T22:19:55 IST" description="Verify the Settings Menu Items" depends-on-methods="testNGpackage.SmokeTests.loginOnUat" finished-at="2020-02-16T22:20:10 IST">
          <reporter-output>
          </reporter-output>
        </test-method> <!-- settingsMenuList -->
        <test-method status="PASS" signature="searchingClient()[pri:4, instance:testNGpackage.SmokeTests@22a67b4]" name="searchingClient" duration-ms="415" started-at="2020-02-16T22:20:10 IST" finished-at="2020-02-16T22:20:11 IST">
          <reporter-output>
          </reporter-output>
        </test-method> <!-- searchingClient -->
        <test-method status="PASS" signature="closeBrowser()[pri:0, instance:testNGpackage.SmokeTests@22a67b4]" name="closeBrowser" is-config="true" duration-ms="798" started-at="2020-02-16T22:20:11 IST" finished-at="2020-02-16T22:20:12 IST">
          <reporter-output>
            <line>
              <![CDATA[Closed the Browser]]>
            </line>
          </reporter-output>
        </test-method> <!-- closeBrowser -->
      </class> <!-- testNGpackage.SmokeTests -->
    </test> <!-- TestingwithTestNG -->
  </suite> <!-- Suite -->
</testng-results>
